        -:    0:Source:/mnt/d/Info_Facultate/Semestrul_2/OOP/Lab5/Tests/teste_domain.c
        -:    0:Graph:/mnt/d/Info_Facultate/Semestrul_2/OOP/Lab5/cmake-build-wsl-valgrind-coverage/CMakeFiles/Lab5.dir/Tests/teste_domain.c.gcno
        -:    0:Data:/mnt/d/Info_Facultate/Semestrul_2/OOP/Lab5/cmake-build-wsl-valgrind-coverage/CMakeFiles/Lab5.dir/Tests/teste_domain.c.gcda
        -:    0:Runs:1
        -:    1:#include "teste_domain.h"
        -:    2:#include <assert.h>
        -:    3:#include "../Domain/medicament.h"
        -:    4:#include "../Validator/validator.h"
        -:    5:#include <string.h>
        -:    6:#include <stdio.h>
        -:    7:#include <math.h>
        -:    8:
function test_medicament called 1 returned 100% blocks executed 62%
        1:    9:void test_medicament()
        -:   10:{
        1:   11:	Medicament* m = creeaza_medicament(1, "Paracetamol", 11.10, 10);
        1:   11-block  0
call    0 returned 1
        -:   12:	
        1:   13:	if (m == NULL)
branch  0 taken 0 (fallthrough)
branch  1 taken 1
    #####:   14:		return;
    %%%%%:   14-block  0
       1*:   15:	assert(m->cod == 1);
        1:   15-block  0
branch  0 taken 0 (fallthrough)
branch  1 taken 1
    %%%%%:   15-block  1
call    2 never executed
       1*:   16:	assert(strcmp(m->nume, "Paracetamol")  == 0);
        1:   16-block  0
branch  0 taken 0 (fallthrough)
branch  1 taken 1
    %%%%%:   16-block  1
call    2 never executed
       1*:   17:	assert(fabs(m->concentratie - 11.10) < 0.0001);
        1:   17-block  0
branch  0 taken 0 (fallthrough)
branch  1 taken 1
    %%%%%:   17-block  1
call    2 never executed
       1*:   18:	assert(m->cantitate == 10);
        1:   18-block  0
branch  0 taken 0 (fallthrough)
branch  1 taken 1
    %%%%%:   18-block  1
call    2 never executed
        -:   19:
        1:   20:	distruge_medicament(m);
        1:   20-block  0
call    0 returned 1
        -:   21:}
        -:   22:
function test_validare called 1 returned 100% blocks executed 69%
        1:   23:void test_validare()
        -:   24:{
        1:   25:	char errors[200] = "";
        1:   26:	valideaza(1, "Ibuprofen", 12.3, 5, errors);
        1:   26-block  0
call    0 returned 1
       1*:   27:	assert(strlen(errors) == 0);
branch  0 taken 0 (fallthrough)
branch  1 taken 1
    %%%%%:   27-block  0
call    2 never executed
        -:   28:
        1:   29:	strcpy(errors, "");
        1:   30:	valideaza(-1, "Ibuprofen", 12.3, 5, errors);
        1:   30-block  0
call    0 returned 1
       1*:   31:	assert(strcmp(errors, "Codul trebuie sa aiba o valoare mai mare ca 0\n") == 0);
branch  0 taken 0 (fallthrough)
branch  1 taken 1
    %%%%%:   31-block  0
call    2 never executed
        -:   32:
        1:   33:	strcpy(errors, "");
        1:   34:	valideaza(1, "Ibuprofen", 0, 5, errors);
        1:   34-block  0
call    0 returned 1
       1*:   35:	assert(strcmp(errors, "Concentratia trebuie sa aiba o valoare in intervalul (0, 100)\n") == 0);
branch  0 taken 0 (fallthrough)
branch  1 taken 1
    %%%%%:   35-block  0
call    2 never executed
        -:   36:
        1:   37:	strcpy(errors, "");
        1:   38:	valideaza(1, "Ibuprofen", 12.3, -1, errors);
        1:   38-block  0
call    0 returned 1
       1*:   39:	assert(strcmp(errors, "Cantitatea trebuie sa fie un numar intreg pozitiv\n") == 0);
branch  0 taken 0 (fallthrough)
branch  1 taken 1
    %%%%%:   39-block  0
call    2 never executed
        -:   40:
        1:   41:	strcpy(errors, "");
        1:   42:	valideaza(-1, "Ibuprofen", 100, -1, errors);
        1:   42-block  0
call    0 returned 1
       1*:   43:	assert(strcmp(errors, "Codul trebuie sa aiba o valoare mai mare ca 0\nConcentratia trebuie sa aiba o valoare in intervalul (0, 100)\nCantitatea trebuie sa fie un numar intreg pozitiv\n") == 0);
branch  0 taken 0 (fallthrough)
branch  1 taken 1
    %%%%%:   43-block  0
call    2 never executed
        1:   44:}
