        -:    0:Source:/mnt/d/Info_Facultate/Semestrul_2/OOP/Lab5/Validator/validator.c
        -:    0:Graph:/mnt/d/Info_Facultate/Semestrul_2/OOP/Lab5/cmake-build-wsl-valgrind-coverage/CMakeFiles/Lab5.dir/Validator/validator.c.gcno
        -:    0:Data:/mnt/d/Info_Facultate/Semestrul_2/OOP/Lab5/cmake-build-wsl-valgrind-coverage/CMakeFiles/Lab5.dir/Validator/validator.c.gcda
        -:    0:Runs:1
        -:    1:#include "validator.h"
        -:    2:#include <string.h>
        -:    3:
        -:    4:/* Valideaza datele unui medicament
        -:    5:*  cod: codul medicamentului
        -:    6:*  nume: numele medicamentului
        -:    7:*  concentratie: concentratia medicamentului
        -:    8:*  cantitate: cantitatea medicamentului
        -:    9:*  post: in errors vor fi adaugat erorile care apar in urma datelor invalide
        -:   10:*/
function valideaza called 69 returned 100% blocks executed 100%
       69:   11:void valideaza(int cod, char nume[], float concentratie, int cantitate, char* errors)
        -:   12:{
       69:   13:	if (cod < 1)
       69:   13-block  0
branch  0 taken 7 (fallthrough)
branch  1 taken 62
        7:   14:		strcat(errors, "Codul trebuie sa aiba o valoare mai mare ca 0\n");
        7:   14-block  0
       69:   15:	if (concentratie <= 0 || concentratie >= 100)
       69:   15-block  0
branch  0 taken 66 (fallthrough)
branch  1 taken 3
       66:   15-block  1
branch  2 taken 4 (fallthrough)
branch  3 taken 62
        7:   16:		strcat(errors, "Concentratia trebuie sa aiba o valoare in intervalul (0, 100)\n");
        7:   16-block  0
       69:   17:	if (cantitate < 0)
       69:   17-block  0
branch  0 taken 5 (fallthrough)
branch  1 taken 64
        5:   18:		strcat(errors, "Cantitatea trebuie sa fie un numar intreg pozitiv\n");
        5:   18-block  0
       69:   19:	if (strlen(nume) == 0)
       69:   19-block  0
branch  0 taken 1 (fallthrough)
branch  1 taken 68
        1:   20:		strcat(errors, "Trebuie sa introduceti un nume pentru medicament\n");
        1:   20-block  0
       69:   21:}
