        -:    0:Source:D:/Info_Facultate/Semestrul_2/OOP/Lab5/Tests/teste_list.c
        -:    0:Graph:D:\Info_Facultate\Semestrul_2\OOP\Lab5\cmake-build-debug-coverage\CMakeFiles\Lab5.dir\Tests\teste_list.c.gcno
        -:    0:Data:D:\Info_Facultate\Semestrul_2\OOP\Lab5\cmake-build-debug-coverage\CMakeFiles\Lab5.dir\Tests\teste_list.c.gcda
        -:    0:Runs:1
        -:    1:#include "teste_list.h"
        -:    2:#include "../Utils/list.h"
        -:    3:#include "../Domain/medicament.h"
        -:    4:#include <string.h>
        -:    5:#include <math.h>
        -:    6:#include <assert.h>
        -:    7:#include <stdlib.h>
        -:    8:
function test_add called 1 returned 100% blocks executed 77%
        1:    9:void test_add()
        -:   10:{
        1:   11:	List* list = creeaza_lista();
        1:   11-block  0
call    0 returned 1
       1*:   12:	assert(list->size == 0);
branch  0 taken 0 (fallthrough)
branch  1 taken 1
    %%%%%:   12-block  0
call    2 never executed
        1:   12-block  1
        1:   13:	Medicament* m1 = creeaza_medicament(10, "Paracetamol", 5.15, 20);
        1:   13-block  0
call    0 returned 1
        1:   14:	Medicament* m2 = creeaza_medicament(11, "Ibuprofen", 17.2, 25);
call    0 returned 1
        1:   15:	Medicament* m3 = creeaza_medicament(12, "Paduden", 19.2, 10);
call    0 returned 1
        1:   16:	add(list, m1);
call    0 returned 1
        1:   17:	add(list, m2);
call    0 returned 1
        1:   18:	add(list, m3);
call    0 returned 1
        -:   19:
       1*:   20:	assert(list->size == 3);
branch  0 taken 0 (fallthrough)
branch  1 taken 1
    %%%%%:   20-block  0
call    2 never executed
        1:   20-block  1
       1*:   21:	assert(((Medicament*)list->elems[0])->cod == 10);
        1:   21-block  0
branch  0 taken 0 (fallthrough)
branch  1 taken 1
    %%%%%:   21-block  1
call    2 never executed
        1:   21-block  2
       1*:   22:	assert(((Medicament*)list->elems[0])->cantitate == 20);
        1:   22-block  0
branch  0 taken 0 (fallthrough)
branch  1 taken 1
    %%%%%:   22-block  1
call    2 never executed
        1:   22-block  2
       1*:   23:	assert(strcmp(((Medicament*)list->elems[0])->nume, "Paracetamol") == 0);
        1:   23-block  0
branch  0 taken 0 (fallthrough)
branch  1 taken 1
    %%%%%:   23-block  1
call    2 never executed
        1:   23-block  2
       1*:   24:	assert(fabs(((Medicament*)list->elems[0])->concentratie - 5.15) < 0.0001);
        1:   24-block  0
branch  0 taken 0 (fallthrough)
branch  1 taken 1
    %%%%%:   24-block  1
call    2 never executed
        1:   24-block  2
        -:   25:
       1*:   26:	assert(list->cap == 4);
        1:   26-block  0
branch  0 taken 0 (fallthrough)
branch  1 taken 1
    %%%%%:   26-block  1
call    2 never executed
        1:   26-block  2
        -:   27:
        1:   28:	destroy_list(list);
        1:   28-block  0
call    0 returned 1
        1:   29:}
        -:   30:
function test_delete called 1 returned 100% blocks executed 84%
        1:   31:void test_delete()
        -:   32:{
        1:   33:	List* list = creeaza_lista();
        1:   33-block  0
call    0 returned 1
       1*:   34:	assert(list->size == 0);
branch  0 taken 0 (fallthrough)
branch  1 taken 1
    %%%%%:   34-block  0
call    2 never executed
        1:   34-block  1
        -:   35:
        1:   36:	Medicament* m1 = creeaza_medicament(10, "Paracetamol", 5.15, 19);
        1:   36-block  0
call    0 returned 1
        1:   37:	Medicament* m2 = creeaza_medicament(11, "Paduden", 6.15, 22);
call    0 returned 1
        1:   38:	Medicament* m3 = creeaza_medicament(12, "Ibuprofen", 7.15, 2);
call    0 returned 1
        1:   39:	Medicament* m4 = creeaza_medicament(13, "Vitamina C", 8.15, 15);
call    0 returned 1
        1:   40:	Medicament* m5 = creeaza_medicament(14, "Sirop", 4.15, 10);
call    0 returned 1
        1:   41:	add(list, m1);
call    0 returned 1
        1:   42:	add(list, m2);
call    0 returned 1
        1:   43:	add(list, m3);
call    0 returned 1
        1:   44:	add(list, m4);
call    0 returned 1
        1:   45:	add(list, m5);
call    0 returned 1
        -:   46:
        1:   47:	delete(list, 2);
call    0 returned 1
       1*:   48:	assert(list->size == 4);
branch  0 taken 0 (fallthrough)
branch  1 taken 1
    %%%%%:   48-block  0
call    2 never executed
        1:   48-block  1
       1*:   49:	assert(((Medicament*)list->elems[2])->cod == 13);
        1:   49-block  0
branch  0 taken 0 (fallthrough)
branch  1 taken 1
    %%%%%:   49-block  1
call    2 never executed
        1:   49-block  2
        5:   50:	for (int i = 0; i < list->size; i++)
        1:   50-block  0
        4:   50-block  1
        5:   50-block  2
branch  0 taken 4
branch  1 taken 1 (fallthrough)
        4:   51:		if (((Medicament*)list->elems[i])->cod == 12)
        4:   51-block  0
branch  0 taken 0 (fallthrough)
branch  1 taken 4
    #####:   52:			assert(!1);
    %%%%%:   52-block  0
call    0 never executed
        -:   53:
        1:   54:	delete(list, 100);
        1:   54-block  0
call    0 returned 1
       1*:   55:	assert(list->size == 4);
branch  0 taken 0 (fallthrough)
branch  1 taken 1
    %%%%%:   55-block  0
call    2 never executed
        1:   55-block  1
        -:   56:
        1:   57:	destroy_list(list);
        1:   57-block  0
call    0 returned 1
        1:   58:}
